c:\users\niila\documents\.koodit\cpp\vinternal\imgui directx 9 kiero hook 2\debugbuild\intermediates\vc143.pdb
c:\users\niila\documents\.koodit\cpp\vinternal\imgui directx 9 kiero hook 2\debugbuild\intermediates\vc143.idb
c:\users\niila\documents\.koodit\cpp\vinternal\imgui directx 9 kiero hook 2\debugbuild\intermediates\main.obj
c:\users\niila\documents\.koodit\cpp\vinternal\imgui directx 9 kiero hook 2\debugbuild\intermediates\kiero.obj
c:\users\niila\documents\.koodit\cpp\vinternal\imgui directx 9 kiero hook 2\debugbuild\intermediates\imgui_widgets.obj
c:\users\niila\documents\.koodit\cpp\vinternal\imgui directx 9 kiero hook 2\debugbuild\intermediates\imgui_impl_win32.obj
c:\users\niila\documents\.koodit\cpp\vinternal\imgui directx 9 kiero hook 2\debugbuild\intermediates\imgui_impl_dx9.obj
c:\users\niila\documents\.koodit\cpp\vinternal\imgui directx 9 kiero hook 2\debugbuild\intermediates\imgui_draw.obj
c:\users\niila\documents\.koodit\cpp\vinternal\imgui directx 9 kiero hook 2\debugbuild\intermediates\imgui_demo.obj
c:\users\niila\documents\.koodit\cpp\vinternal\imgui directx 9 kiero hook 2\debugbuild\intermediates\imgui.obj
c:\users\niila\documents\.koodit\cpp\vinternal\imgui directx 9 kiero hook 2\debugbuild\intermediates\trampoline.obj
c:\users\niila\documents\.koodit\cpp\vinternal\imgui directx 9 kiero hook 2\debugbuild\intermediates\hook.obj
c:\users\niila\documents\.koodit\cpp\vinternal\imgui directx 9 kiero hook 2\debugbuild\intermediates\hde64.obj
c:\users\niila\documents\.koodit\cpp\vinternal\imgui directx 9 kiero hook 2\debugbuild\intermediates\hde32.obj
c:\users\niila\documents\.koodit\cpp\vinternal\imgui directx 9 kiero hook 2\debugbuild\intermediates\buffer.obj
c:\users\niila\documents\.koodit\cpp\vinternal\imgui directx 9 kiero hook 2\debugbuild\intermediates\vinternal.ilk
c:\users\niila\documents\.koodit\cpp\vinternal\build\vinternal.dll
c:\users\niila\documents\.koodit\cpp\vinternal\build\vinternal.pdb
c:\users\niila\documents\.koodit\cpp\vinternal\imgui directx 9 kiero hook 2\debugbuild\intermediates\minhook.res
c:\users\niila\documents\.koodit\cpp\vinternal\imgui directx 9 kiero hook 2\debugbuild\intermediates\vinternal.tlog\cl.command.1.tlog
c:\users\niila\documents\.koodit\cpp\vinternal\imgui directx 9 kiero hook 2\debugbuild\intermediates\vinternal.tlog\cl.read.1.tlog
c:\users\niila\documents\.koodit\cpp\vinternal\imgui directx 9 kiero hook 2\debugbuild\intermediates\vinternal.tlog\cl.write.1.tlog
c:\users\niila\documents\.koodit\cpp\vinternal\imgui directx 9 kiero hook 2\debugbuild\intermediates\vinternal.tlog\link.command.1.tlog
c:\users\niila\documents\.koodit\cpp\vinternal\imgui directx 9 kiero hook 2\debugbuild\intermediates\vinternal.tlog\link.read.1.tlog
c:\users\niila\documents\.koodit\cpp\vinternal\imgui directx 9 kiero hook 2\debugbuild\intermediates\vinternal.tlog\link.write.1.tlog
c:\users\niila\documents\.koodit\cpp\vinternal\imgui directx 9 kiero hook 2\debugbuild\intermediates\vinternal.tlog\rc.command.1.tlog
c:\users\niila\documents\.koodit\cpp\vinternal\imgui directx 9 kiero hook 2\debugbuild\intermediates\vinternal.tlog\rc.read.1.tlog
c:\users\niila\documents\.koodit\cpp\vinternal\imgui directx 9 kiero hook 2\debugbuild\intermediates\vinternal.tlog\rc.write.1.tlog
